[2020-07-18 19:33:27] local.ERROR: Class 'InfyOm\Generator\Request\APIRequest' not found {"exception":"[object] (Error(code: 0): Class 'InfyOm\\Generator\\Request\\APIRequest' not found at C:\\Users\\Dr.Ahmed Amen\\Desktop\\web implement 2\\New folder\\MediaGateApiTask\\app\\Http\\Requests\\API\\CreateUserAPIRequest.php:8)
[stacktrace]
#0 C:\\Users\\Dr.Ahmed Amen\\Desktop\\web implement 2\\New folder\\MediaGateApiTask\\vendor\\composer\\ClassLoader.php(444): include()
#1 C:\\Users\\Dr.Ahmed Amen\\Desktop\\web implement 2\\New folder\\MediaGateApiTask\\vendor\\composer\\ClassLoader.php(322): Composer\\Autoload\\includeFile('C:\\\\Users\\\\Dr.Ahm...')
#2 [internal function]: Composer\\Autoload\\ClassLoader->loadClass('App\\\\Http\\\\Reques...')
#3 [internal function]: spl_autoload_call('App\\\\Http\\\\Reques...')
#4 C:\\Users\\Dr.Ahmed Amen\\Desktop\\web implement 2\\New folder\\MediaGateApiTask\\vendor\\laravel\\framework\\src\\Illuminate\\Support\\Reflector.php(44): class_exists('App\\\\Http\\\\Reques...')
#5 C:\\Users\\Dr.Ahmed Amen\\Desktop\\web implement 2\\New folder\\MediaGateApiTask\\vendor\\laravel\\framework\\src\\Illuminate\\Routing\\RouteSignatureParameters.php(26): Illuminate\\Support\\Reflector::isParameterSubclassOf(Object(ReflectionParameter), 'Illuminate\\\\Cont...')
#6 [internal function]: Illuminate\\Routing\\RouteSignatureParameters::Illuminate\\Routing\\{closure}(Object(ReflectionParameter))
#7 C:\\Users\\Dr.Ahmed Amen\\Desktop\\web implement 2\\New folder\\MediaGateApiTask\\vendor\\laravel\\framework\\src\\Illuminate\\Routing\\RouteSignatureParameters.php(27): array_filter(Array, Object(Closure))
#8 C:\\Users\\Dr.Ahmed Amen\\Desktop\\web implement 2\\New folder\\MediaGateApiTask\\vendor\\laravel\\framework\\src\\Illuminate\\Routing\\Route.php(491): Illuminate\\Routing\\RouteSignatureParameters::fromAction(Array, 'Illuminate\\\\Cont...')
#9 C:\\Users\\Dr.Ahmed Amen\\Desktop\\web implement 2\\New folder\\MediaGateApiTask\\vendor\\laravel\\framework\\src\\Illuminate\\Routing\\ImplicitRouteBinding.php(25): Illuminate\\Routing\\Route->signatureParameters('Illuminate\\\\Cont...')
#10 C:\\Users\\Dr.Ahmed Amen\\Desktop\\web implement 2\\New folder\\MediaGateApiTask\\vendor\\laravel\\framework\\src\\Illuminate\\Routing\\Router.php(798): Illuminate\\Routing\\ImplicitRouteBinding::resolveForRoute(Object(Illuminate\\Foundation\\Application), Object(Illuminate\\Routing\\Route))
#11 C:\\Users\\Dr.Ahmed Amen\\Desktop\\web implement 2\\New folder\\MediaGateApiTask\\vendor\\laravel\\framework\\src\\Illuminate\\Routing\\Middleware\\SubstituteBindings.php(39): Illuminate\\Routing\\Router->substituteImplicitBindings(Object(Illuminate\\Routing\\Route))
#12 C:\\Users\\Dr.Ahmed Amen\\Desktop\\web implement 2\\New folder\\MediaGateApiTask\\vendor\\laravel\\framework\\src\\Illuminate\\Pipeline\\Pipeline.php(167): Illuminate\\Routing\\Middleware\\SubstituteBindings->handle(Object(Illuminate\\Http\\Request), Object(Closure))
#13 C:\\Users\\Dr.Ahmed Amen\\Desktop\\web implement 2\\New folder\\MediaGateApiTask\\vendor\\laravel\\framework\\src\\Illuminate\\Routing\\Middleware\\ThrottleRequests.php(59): Illuminate\\Pipeline\\Pipeline->Illuminate\\Pipeline\\{closure}(Object(Illuminate\\Http\\Request))
#14 C:\\Users\\Dr.Ahmed Amen\\Desktop\\web implement 2\\New folder\\MediaGateApiTask\\vendor\\laravel\\framework\\src\\Illuminate\\Pipeline\\Pipeline.php(167): Illuminate\\Routing\\Middleware\\ThrottleRequests->handle(Object(Illuminate\\Http\\Request), Object(Closure), 60, '1')
#15 C:\\Users\\Dr.Ahmed Amen\\Desktop\\web implement 2\\New folder\\MediaGateApiTask\\vendor\\laravel\\framework\\src\\Illuminate\\Pipeline\\Pipeline.php(103): Illuminate\\Pipeline\\Pipeline->Illuminate\\Pipeline\\{closure}(Object(Illuminate\\Http\\Request))
#16 C:\\Users\\Dr.Ahmed Amen\\Desktop\\web implement 2\\New folder\\MediaGateApiTask\\vendor\\laravel\\framework\\src\\Illuminate\\Routing\\Router.php(687): Illuminate\\Pipeline\\Pipeline->then(Object(Closure))
#17 C:\\Users\\Dr.Ahmed Amen\\Desktop\\web implement 2\\New folder\\MediaGateApiTask\\vendor\\laravel\\framework\\src\\Illuminate\\Routing\\Router.php(662): Illuminate\\Routing\\Router->runRouteWithinStack(Object(Illuminate\\Routing\\Route), Object(Illuminate\\Http\\Request))
#18 C:\\Users\\Dr.Ahmed Amen\\Desktop\\web implement 2\\New folder\\MediaGateApiTask\\vendor\\laravel\\framework\\src\\Illuminate\\Routing\\Router.php(628): Illuminate\\Routing\\Router->runRoute(Object(Illuminate\\Http\\Request), Object(Illuminate\\Routing\\Route))
#19 C:\\Users\\Dr.Ahmed Amen\\Desktop\\web implement 2\\New folder\\MediaGateApiTask\\vendor\\laravel\\framework\\src\\Illuminate\\Routing\\Router.php(617): Illuminate\\Routing\\Router->dispatchToRoute(Object(Illuminate\\Http\\Request))
#20 C:\\Users\\Dr.Ahmed Amen\\Desktop\\web implement 2\\New folder\\MediaGateApiTask\\vendor\\laravel\\framework\\src\\Illuminate\\Foundation\\Http\\Kernel.php(165): Illuminate\\Routing\\Router->dispatch(Object(Illuminate\\Http\\Request))
#21 C:\\Users\\Dr.Ahmed Amen\\Desktop\\web implement 2\\New folder\\MediaGateApiTask\\vendor\\laravel\\framework\\src\\Illuminate\\Pipeline\\Pipeline.php(128): Illuminate\\Foundation\\Http\\Kernel->Illuminate\\Foundation\\Http\\{closure}(Object(Illuminate\\Http\\Request))
#22 C:\\Users\\Dr.Ahmed Amen\\Desktop\\web implement 2\\New folder\\MediaGateApiTask\\vendor\\laravel\\framework\\src\\Illuminate\\Foundation\\Http\\Middleware\\TransformsRequest.php(21): Illuminate\\Pipeline\\Pipeline->Illuminate\\Pipeline\\{closure}(Object(Illuminate\\Http\\Request))
#23 C:\\Users\\Dr.Ahmed Amen\\Desktop\\web implement 2\\New folder\\MediaGateApiTask\\vendor\\laravel\\framework\\src\\Illuminate\\Pipeline\\Pipeline.php(167): Illuminate\\Foundation\\Http\\Middleware\\TransformsRequest->handle(Object(Illuminate\\Http\\Request), Object(Closure))
#24 C:\\Users\\Dr.Ahmed Amen\\Desktop\\web implement 2\\New folder\\MediaGateApiTask\\vendor\\laravel\\framework\\src\\Illuminate\\Foundation\\Http\\Middleware\\TransformsRequest.php(21): Illuminate\\Pipeline\\Pipeline->Illuminate\\Pipeline\\{closure}(Object(Illuminate\\Http\\Request))
#25 C:\\Users\\Dr.Ahmed Amen\\Desktop\\web implement 2\\New folder\\MediaGateApiTask\\vendor\\laravel\\framework\\src\\Illuminate\\Pipeline\\Pipeline.php(167): Illuminate\\Foundation\\Http\\Middleware\\TransformsRequest->handle(Object(Illuminate\\Http\\Request), Object(Closure))
#26 C:\\Users\\Dr.Ahmed Amen\\Desktop\\web implement 2\\New folder\\MediaGateApiTask\\vendor\\laravel\\framework\\src\\Illuminate\\Foundation\\Http\\Middleware\\ValidatePostSize.php(27): Illuminate\\Pipeline\\Pipeline->Illuminate\\Pipeline\\{closure}(Object(Illuminate\\Http\\Request))
#27 C:\\Users\\Dr.Ahmed Amen\\Desktop\\web implement 2\\New folder\\MediaGateApiTask\\vendor\\laravel\\framework\\src\\Illuminate\\Pipeline\\Pipeline.php(167): Illuminate\\Foundation\\Http\\Middleware\\ValidatePostSize->handle(Object(Illuminate\\Http\\Request), Object(Closure))
#28 C:\\Users\\Dr.Ahmed Amen\\Desktop\\web implement 2\\New folder\\MediaGateApiTask\\vendor\\laravel\\framework\\src\\Illuminate\\Foundation\\Http\\Middleware\\CheckForMaintenanceMode.php(63): Illuminate\\Pipeline\\Pipeline->Illuminate\\Pipeline\\{closure}(Object(Illuminate\\Http\\Request))
#29 C:\\Users\\Dr.Ahmed Amen\\Desktop\\web implement 2\\New folder\\MediaGateApiTask\\vendor\\laravel\\framework\\src\\Illuminate\\Pipeline\\Pipeline.php(167): Illuminate\\Foundation\\Http\\Middleware\\CheckForMaintenanceMode->handle(Object(Illuminate\\Http\\Request), Object(Closure))
#30 C:\\Users\\Dr.Ahmed Amen\\Desktop\\web implement 2\\New folder\\MediaGateApiTask\\vendor\\fruitcake\\laravel-cors\\src\\HandleCors.php(57): Illuminate\\Pipeline\\Pipeline->Illuminate\\Pipeline\\{closure}(Object(Illuminate\\Http\\Request))
#31 C:\\Users\\Dr.Ahmed Amen\\Desktop\\web implement 2\\New folder\\MediaGateApiTask\\vendor\\laravel\\framework\\src\\Illuminate\\Pipeline\\Pipeline.php(167): Fruitcake\\Cors\\HandleCors->handle(Object(Illuminate\\Http\\Request), Object(Closure))
#32 C:\\Users\\Dr.Ahmed Amen\\Desktop\\web implement 2\\New folder\\MediaGateApiTask\\vendor\\fideloper\\proxy\\src\\TrustProxies.php(57): Illuminate\\Pipeline\\Pipeline->Illuminate\\Pipeline\\{closure}(Object(Illuminate\\Http\\Request))
#33 C:\\Users\\Dr.Ahmed Amen\\Desktop\\web implement 2\\New folder\\MediaGateApiTask\\vendor\\laravel\\framework\\src\\Illuminate\\Pipeline\\Pipeline.php(167): Fideloper\\Proxy\\TrustProxies->handle(Object(Illuminate\\Http\\Request), Object(Closure))
#34 C:\\Users\\Dr.Ahmed Amen\\Desktop\\web implement 2\\New folder\\MediaGateApiTask\\vendor\\laravel\\framework\\src\\Illuminate\\Pipeline\\Pipeline.php(103): Illuminate\\Pipeline\\Pipeline->Illuminate\\Pipeline\\{closure}(Object(Illuminate\\Http\\Request))
#35 C:\\Users\\Dr.Ahmed Amen\\Desktop\\web implement 2\\New folder\\MediaGateApiTask\\vendor\\laravel\\framework\\src\\Illuminate\\Foundation\\Http\\Kernel.php(140): Illuminate\\Pipeline\\Pipeline->then(Object(Closure))
#36 C:\\Users\\Dr.Ahmed Amen\\Desktop\\web implement 2\\New folder\\MediaGateApiTask\\vendor\\laravel\\framework\\src\\Illuminate\\Foundation\\Http\\Kernel.php(109): Illuminate\\Foundation\\Http\\Kernel->sendRequestThroughRouter(Object(Illuminate\\Http\\Request))
#37 C:\\Users\\Dr.Ahmed Amen\\Desktop\\web implement 2\\New folder\\MediaGateApiTask\\public\\index.php(55): Illuminate\\Foundation\\Http\\Kernel->handle(Object(Illuminate\\Http\\Request))
#38 C:\\Users\\Dr.Ahmed Amen\\Desktop\\web implement 2\\New folder\\MediaGateApiTask\\server.php(21): require_once('C:\\\\Users\\\\Dr.Ahm...')
#39 {main}
"} 
[2020-07-18 19:34:33] local.ERROR: Class 'InfyOm\Generator\Request\APIRequest' not found {"exception":"[object] (Error(code: 0): Class 'InfyOm\\Generator\\Request\\APIRequest' not found at C:\\Users\\Dr.Ahmed Amen\\Desktop\\web implement 2\\New folder\\MediaGateApiTask\\app\\Http\\Requests\\API\\CreateUserAPIRequest.php:8)
[stacktrace]
#0 C:\\Users\\Dr.Ahmed Amen\\Desktop\\web implement 2\\New folder\\MediaGateApiTask\\vendor\\composer\\ClassLoader.php(444): include()
#1 C:\\Users\\Dr.Ahmed Amen\\Desktop\\web implement 2\\New folder\\MediaGateApiTask\\vendor\\composer\\ClassLoader.php(322): Composer\\Autoload\\includeFile('C:\\\\Users\\\\Dr.Ahm...')
#2 [internal function]: Composer\\Autoload\\ClassLoader->loadClass('App\\\\Http\\\\Reques...')
#3 [internal function]: spl_autoload_call('App\\\\Http\\\\Reques...')
#4 C:\\Users\\Dr.Ahmed Amen\\Desktop\\web implement 2\\New folder\\MediaGateApiTask\\vendor\\laravel\\framework\\src\\Illuminate\\Support\\Reflector.php(44): class_exists('App\\\\Http\\\\Reques...')
#5 C:\\Users\\Dr.Ahmed Amen\\Desktop\\web implement 2\\New folder\\MediaGateApiTask\\vendor\\laravel\\framework\\src\\Illuminate\\Routing\\RouteSignatureParameters.php(26): Illuminate\\Support\\Reflector::isParameterSubclassOf(Object(ReflectionParameter), 'Illuminate\\\\Cont...')
#6 [internal function]: Illuminate\\Routing\\RouteSignatureParameters::Illuminate\\Routing\\{closure}(Object(ReflectionParameter))
#7 C:\\Users\\Dr.Ahmed Amen\\Desktop\\web implement 2\\New folder\\MediaGateApiTask\\vendor\\laravel\\framework\\src\\Illuminate\\Routing\\RouteSignatureParameters.php(27): array_filter(Array, Object(Closure))
#8 C:\\Users\\Dr.Ahmed Amen\\Desktop\\web implement 2\\New folder\\MediaGateApiTask\\vendor\\laravel\\framework\\src\\Illuminate\\Routing\\Route.php(491): Illuminate\\Routing\\RouteSignatureParameters::fromAction(Array, 'Illuminate\\\\Cont...')
#9 C:\\Users\\Dr.Ahmed Amen\\Desktop\\web implement 2\\New folder\\MediaGateApiTask\\vendor\\laravel\\framework\\src\\Illuminate\\Routing\\ImplicitRouteBinding.php(25): Illuminate\\Routing\\Route->signatureParameters('Illuminate\\\\Cont...')
#10 C:\\Users\\Dr.Ahmed Amen\\Desktop\\web implement 2\\New folder\\MediaGateApiTask\\vendor\\laravel\\framework\\src\\Illuminate\\Routing\\Router.php(798): Illuminate\\Routing\\ImplicitRouteBinding::resolveForRoute(Object(Illuminate\\Foundation\\Application), Object(Illuminate\\Routing\\Route))
#11 C:\\Users\\Dr.Ahmed Amen\\Desktop\\web implement 2\\New folder\\MediaGateApiTask\\vendor\\laravel\\framework\\src\\Illuminate\\Routing\\Middleware\\SubstituteBindings.php(39): Illuminate\\Routing\\Router->substituteImplicitBindings(Object(Illuminate\\Routing\\Route))
#12 C:\\Users\\Dr.Ahmed Amen\\Desktop\\web implement 2\\New folder\\MediaGateApiTask\\vendor\\laravel\\framework\\src\\Illuminate\\Pipeline\\Pipeline.php(167): Illuminate\\Routing\\Middleware\\SubstituteBindings->handle(Object(Illuminate\\Http\\Request), Object(Closure))
#13 C:\\Users\\Dr.Ahmed Amen\\Desktop\\web implement 2\\New folder\\MediaGateApiTask\\vendor\\laravel\\framework\\src\\Illuminate\\Routing\\Middleware\\ThrottleRequests.php(59): Illuminate\\Pipeline\\Pipeline->Illuminate\\Pipeline\\{closure}(Object(Illuminate\\Http\\Request))
#14 C:\\Users\\Dr.Ahmed Amen\\Desktop\\web implement 2\\New folder\\MediaGateApiTask\\vendor\\laravel\\framework\\src\\Illuminate\\Pipeline\\Pipeline.php(167): Illuminate\\Routing\\Middleware\\ThrottleRequests->handle(Object(Illuminate\\Http\\Request), Object(Closure), 60, '1')
#15 C:\\Users\\Dr.Ahmed Amen\\Desktop\\web implement 2\\New folder\\MediaGateApiTask\\vendor\\laravel\\framework\\src\\Illuminate\\Pipeline\\Pipeline.php(103): Illuminate\\Pipeline\\Pipeline->Illuminate\\Pipeline\\{closure}(Object(Illuminate\\Http\\Request))
#16 C:\\Users\\Dr.Ahmed Amen\\Desktop\\web implement 2\\New folder\\MediaGateApiTask\\vendor\\laravel\\framework\\src\\Illuminate\\Routing\\Router.php(687): Illuminate\\Pipeline\\Pipeline->then(Object(Closure))
#17 C:\\Users\\Dr.Ahmed Amen\\Desktop\\web implement 2\\New folder\\MediaGateApiTask\\vendor\\laravel\\framework\\src\\Illuminate\\Routing\\Router.php(662): Illuminate\\Routing\\Router->runRouteWithinStack(Object(Illuminate\\Routing\\Route), Object(Illuminate\\Http\\Request))
#18 C:\\Users\\Dr.Ahmed Amen\\Desktop\\web implement 2\\New folder\\MediaGateApiTask\\vendor\\laravel\\framework\\src\\Illuminate\\Routing\\Router.php(628): Illuminate\\Routing\\Router->runRoute(Object(Illuminate\\Http\\Request), Object(Illuminate\\Routing\\Route))
#19 C:\\Users\\Dr.Ahmed Amen\\Desktop\\web implement 2\\New folder\\MediaGateApiTask\\vendor\\laravel\\framework\\src\\Illuminate\\Routing\\Router.php(617): Illuminate\\Routing\\Router->dispatchToRoute(Object(Illuminate\\Http\\Request))
#20 C:\\Users\\Dr.Ahmed Amen\\Desktop\\web implement 2\\New folder\\MediaGateApiTask\\vendor\\laravel\\framework\\src\\Illuminate\\Foundation\\Http\\Kernel.php(165): Illuminate\\Routing\\Router->dispatch(Object(Illuminate\\Http\\Request))
#21 C:\\Users\\Dr.Ahmed Amen\\Desktop\\web implement 2\\New folder\\MediaGateApiTask\\vendor\\laravel\\framework\\src\\Illuminate\\Pipeline\\Pipeline.php(128): Illuminate\\Foundation\\Http\\Kernel->Illuminate\\Foundation\\Http\\{closure}(Object(Illuminate\\Http\\Request))
#22 C:\\Users\\Dr.Ahmed Amen\\Desktop\\web implement 2\\New folder\\MediaGateApiTask\\vendor\\laravel\\framework\\src\\Illuminate\\Foundation\\Http\\Middleware\\TransformsRequest.php(21): Illuminate\\Pipeline\\Pipeline->Illuminate\\Pipeline\\{closure}(Object(Illuminate\\Http\\Request))
#23 C:\\Users\\Dr.Ahmed Amen\\Desktop\\web implement 2\\New folder\\MediaGateApiTask\\vendor\\laravel\\framework\\src\\Illuminate\\Pipeline\\Pipeline.php(167): Illuminate\\Foundation\\Http\\Middleware\\TransformsRequest->handle(Object(Illuminate\\Http\\Request), Object(Closure))
#24 C:\\Users\\Dr.Ahmed Amen\\Desktop\\web implement 2\\New folder\\MediaGateApiTask\\vendor\\laravel\\framework\\src\\Illuminate\\Foundation\\Http\\Middleware\\TransformsRequest.php(21): Illuminate\\Pipeline\\Pipeline->Illuminate\\Pipeline\\{closure}(Object(Illuminate\\Http\\Request))
#25 C:\\Users\\Dr.Ahmed Amen\\Desktop\\web implement 2\\New folder\\MediaGateApiTask\\vendor\\laravel\\framework\\src\\Illuminate\\Pipeline\\Pipeline.php(167): Illuminate\\Foundation\\Http\\Middleware\\TransformsRequest->handle(Object(Illuminate\\Http\\Request), Object(Closure))
#26 C:\\Users\\Dr.Ahmed Amen\\Desktop\\web implement 2\\New folder\\MediaGateApiTask\\vendor\\laravel\\framework\\src\\Illuminate\\Foundation\\Http\\Middleware\\ValidatePostSize.php(27): Illuminate\\Pipeline\\Pipeline->Illuminate\\Pipeline\\{closure}(Object(Illuminate\\Http\\Request))
#27 C:\\Users\\Dr.Ahmed Amen\\Desktop\\web implement 2\\New folder\\MediaGateApiTask\\vendor\\laravel\\framework\\src\\Illuminate\\Pipeline\\Pipeline.php(167): Illuminate\\Foundation\\Http\\Middleware\\ValidatePostSize->handle(Object(Illuminate\\Http\\Request), Object(Closure))
#28 C:\\Users\\Dr.Ahmed Amen\\Desktop\\web implement 2\\New folder\\MediaGateApiTask\\vendor\\laravel\\framework\\src\\Illuminate\\Foundation\\Http\\Middleware\\CheckForMaintenanceMode.php(63): Illuminate\\Pipeline\\Pipeline->Illuminate\\Pipeline\\{closure}(Object(Illuminate\\Http\\Request))
#29 C:\\Users\\Dr.Ahmed Amen\\Desktop\\web implement 2\\New folder\\MediaGateApiTask\\vendor\\laravel\\framework\\src\\Illuminate\\Pipeline\\Pipeline.php(167): Illuminate\\Foundation\\Http\\Middleware\\CheckForMaintenanceMode->handle(Object(Illuminate\\Http\\Request), Object(Closure))
#30 C:\\Users\\Dr.Ahmed Amen\\Desktop\\web implement 2\\New folder\\MediaGateApiTask\\vendor\\fruitcake\\laravel-cors\\src\\HandleCors.php(57): Illuminate\\Pipeline\\Pipeline->Illuminate\\Pipeline\\{closure}(Object(Illuminate\\Http\\Request))
#31 C:\\Users\\Dr.Ahmed Amen\\Desktop\\web implement 2\\New folder\\MediaGateApiTask\\vendor\\laravel\\framework\\src\\Illuminate\\Pipeline\\Pipeline.php(167): Fruitcake\\Cors\\HandleCors->handle(Object(Illuminate\\Http\\Request), Object(Closure))
#32 C:\\Users\\Dr.Ahmed Amen\\Desktop\\web implement 2\\New folder\\MediaGateApiTask\\vendor\\fideloper\\proxy\\src\\TrustProxies.php(57): Illuminate\\Pipeline\\Pipeline->Illuminate\\Pipeline\\{closure}(Object(Illuminate\\Http\\Request))
#33 C:\\Users\\Dr.Ahmed Amen\\Desktop\\web implement 2\\New folder\\MediaGateApiTask\\vendor\\laravel\\framework\\src\\Illuminate\\Pipeline\\Pipeline.php(167): Fideloper\\Proxy\\TrustProxies->handle(Object(Illuminate\\Http\\Request), Object(Closure))
#34 C:\\Users\\Dr.Ahmed Amen\\Desktop\\web implement 2\\New folder\\MediaGateApiTask\\vendor\\laravel\\framework\\src\\Illuminate\\Pipeline\\Pipeline.php(103): Illuminate\\Pipeline\\Pipeline->Illuminate\\Pipeline\\{closure}(Object(Illuminate\\Http\\Request))
#35 C:\\Users\\Dr.Ahmed Amen\\Desktop\\web implement 2\\New folder\\MediaGateApiTask\\vendor\\laravel\\framework\\src\\Illuminate\\Foundation\\Http\\Kernel.php(140): Illuminate\\Pipeline\\Pipeline->then(Object(Closure))
#36 C:\\Users\\Dr.Ahmed Amen\\Desktop\\web implement 2\\New folder\\MediaGateApiTask\\vendor\\laravel\\framework\\src\\Illuminate\\Foundation\\Http\\Kernel.php(109): Illuminate\\Foundation\\Http\\Kernel->sendRequestThroughRouter(Object(Illuminate\\Http\\Request))
#37 C:\\Users\\Dr.Ahmed Amen\\Desktop\\web implement 2\\New folder\\MediaGateApiTask\\public\\index.php(55): Illuminate\\Foundation\\Http\\Kernel->handle(Object(Illuminate\\Http\\Request))
#38 C:\\Users\\Dr.Ahmed Amen\\Desktop\\web implement 2\\New folder\\MediaGateApiTask\\server.php(21): require_once('C:\\\\Users\\\\Dr.Ahm...')
#39 {main}
"} 
[2020-07-18 19:51:13] local.ERROR: Class 'InfyOm\Generator\Request\APIRequest' not found {"exception":"[object] (Error(code: 0): Class 'InfyOm\\Generator\\Request\\APIRequest' not found at C:\\Users\\Dr.Ahmed Amen\\Desktop\\web implement 2\\New folder\\MediaGateApiTask\\app\\Http\\Requests\\API\\CreateUserAPIRequest.php:8)
[stacktrace]
#0 C:\\Users\\Dr.Ahmed Amen\\Desktop\\web implement 2\\New folder\\MediaGateApiTask\\vendor\\composer\\ClassLoader.php(444): include()
#1 C:\\Users\\Dr.Ahmed Amen\\Desktop\\web implement 2\\New folder\\MediaGateApiTask\\vendor\\composer\\ClassLoader.php(322): Composer\\Autoload\\includeFile('C:\\\\Users\\\\Dr.Ahm...')
#2 [internal function]: Composer\\Autoload\\ClassLoader->loadClass('App\\\\Http\\\\Reques...')
#3 [internal function]: spl_autoload_call('App\\\\Http\\\\Reques...')
#4 C:\\Users\\Dr.Ahmed Amen\\Desktop\\web implement 2\\New folder\\MediaGateApiTask\\vendor\\laravel\\framework\\src\\Illuminate\\Support\\Reflector.php(44): class_exists('App\\\\Http\\\\Reques...')
#5 C:\\Users\\Dr.Ahmed Amen\\Desktop\\web implement 2\\New folder\\MediaGateApiTask\\vendor\\laravel\\framework\\src\\Illuminate\\Routing\\RouteSignatureParameters.php(26): Illuminate\\Support\\Reflector::isParameterSubclassOf(Object(ReflectionParameter), 'Illuminate\\\\Cont...')
#6 [internal function]: Illuminate\\Routing\\RouteSignatureParameters::Illuminate\\Routing\\{closure}(Object(ReflectionParameter))
#7 C:\\Users\\Dr.Ahmed Amen\\Desktop\\web implement 2\\New folder\\MediaGateApiTask\\vendor\\laravel\\framework\\src\\Illuminate\\Routing\\RouteSignatureParameters.php(27): array_filter(Array, Object(Closure))
#8 C:\\Users\\Dr.Ahmed Amen\\Desktop\\web implement 2\\New folder\\MediaGateApiTask\\vendor\\laravel\\framework\\src\\Illuminate\\Routing\\Route.php(491): Illuminate\\Routing\\RouteSignatureParameters::fromAction(Array, 'Illuminate\\\\Cont...')
#9 C:\\Users\\Dr.Ahmed Amen\\Desktop\\web implement 2\\New folder\\MediaGateApiTask\\vendor\\laravel\\framework\\src\\Illuminate\\Routing\\ImplicitRouteBinding.php(25): Illuminate\\Routing\\Route->signatureParameters('Illuminate\\\\Cont...')
#10 C:\\Users\\Dr.Ahmed Amen\\Desktop\\web implement 2\\New folder\\MediaGateApiTask\\vendor\\laravel\\framework\\src\\Illuminate\\Routing\\Router.php(798): Illuminate\\Routing\\ImplicitRouteBinding::resolveForRoute(Object(Illuminate\\Foundation\\Application), Object(Illuminate\\Routing\\Route))
#11 C:\\Users\\Dr.Ahmed Amen\\Desktop\\web implement 2\\New folder\\MediaGateApiTask\\vendor\\laravel\\framework\\src\\Illuminate\\Routing\\Middleware\\SubstituteBindings.php(39): Illuminate\\Routing\\Router->substituteImplicitBindings(Object(Illuminate\\Routing\\Route))
#12 C:\\Users\\Dr.Ahmed Amen\\Desktop\\web implement 2\\New folder\\MediaGateApiTask\\vendor\\laravel\\framework\\src\\Illuminate\\Pipeline\\Pipeline.php(167): Illuminate\\Routing\\Middleware\\SubstituteBindings->handle(Object(Illuminate\\Http\\Request), Object(Closure))
#13 C:\\Users\\Dr.Ahmed Amen\\Desktop\\web implement 2\\New folder\\MediaGateApiTask\\vendor\\laravel\\framework\\src\\Illuminate\\Routing\\Middleware\\ThrottleRequests.php(59): Illuminate\\Pipeline\\Pipeline->Illuminate\\Pipeline\\{closure}(Object(Illuminate\\Http\\Request))
#14 C:\\Users\\Dr.Ahmed Amen\\Desktop\\web implement 2\\New folder\\MediaGateApiTask\\vendor\\laravel\\framework\\src\\Illuminate\\Pipeline\\Pipeline.php(167): Illuminate\\Routing\\Middleware\\ThrottleRequests->handle(Object(Illuminate\\Http\\Request), Object(Closure), 60, '1')
#15 C:\\Users\\Dr.Ahmed Amen\\Desktop\\web implement 2\\New folder\\MediaGateApiTask\\vendor\\laravel\\framework\\src\\Illuminate\\Pipeline\\Pipeline.php(103): Illuminate\\Pipeline\\Pipeline->Illuminate\\Pipeline\\{closure}(Object(Illuminate\\Http\\Request))
#16 C:\\Users\\Dr.Ahmed Amen\\Desktop\\web implement 2\\New folder\\MediaGateApiTask\\vendor\\laravel\\framework\\src\\Illuminate\\Routing\\Router.php(687): Illuminate\\Pipeline\\Pipeline->then(Object(Closure))
#17 C:\\Users\\Dr.Ahmed Amen\\Desktop\\web implement 2\\New folder\\MediaGateApiTask\\vendor\\laravel\\framework\\src\\Illuminate\\Routing\\Router.php(662): Illuminate\\Routing\\Router->runRouteWithinStack(Object(Illuminate\\Routing\\Route), Object(Illuminate\\Http\\Request))
#18 C:\\Users\\Dr.Ahmed Amen\\Desktop\\web implement 2\\New folder\\MediaGateApiTask\\vendor\\laravel\\framework\\src\\Illuminate\\Routing\\Router.php(628): Illuminate\\Routing\\Router->runRoute(Object(Illuminate\\Http\\Request), Object(Illuminate\\Routing\\Route))
#19 C:\\Users\\Dr.Ahmed Amen\\Desktop\\web implement 2\\New folder\\MediaGateApiTask\\vendor\\laravel\\framework\\src\\Illuminate\\Routing\\Router.php(617): Illuminate\\Routing\\Router->dispatchToRoute(Object(Illuminate\\Http\\Request))
#20 C:\\Users\\Dr.Ahmed Amen\\Desktop\\web implement 2\\New folder\\MediaGateApiTask\\vendor\\laravel\\framework\\src\\Illuminate\\Foundation\\Http\\Kernel.php(165): Illuminate\\Routing\\Router->dispatch(Object(Illuminate\\Http\\Request))
#21 C:\\Users\\Dr.Ahmed Amen\\Desktop\\web implement 2\\New folder\\MediaGateApiTask\\vendor\\laravel\\framework\\src\\Illuminate\\Pipeline\\Pipeline.php(128): Illuminate\\Foundation\\Http\\Kernel->Illuminate\\Foundation\\Http\\{closure}(Object(Illuminate\\Http\\Request))
#22 C:\\Users\\Dr.Ahmed Amen\\Desktop\\web implement 2\\New folder\\MediaGateApiTask\\vendor\\laravel\\framework\\src\\Illuminate\\Foundation\\Http\\Middleware\\TransformsRequest.php(21): Illuminate\\Pipeline\\Pipeline->Illuminate\\Pipeline\\{closure}(Object(Illuminate\\Http\\Request))
#23 C:\\Users\\Dr.Ahmed Amen\\Desktop\\web implement 2\\New folder\\MediaGateApiTask\\vendor\\laravel\\framework\\src\\Illuminate\\Pipeline\\Pipeline.php(167): Illuminate\\Foundation\\Http\\Middleware\\TransformsRequest->handle(Object(Illuminate\\Http\\Request), Object(Closure))
#24 C:\\Users\\Dr.Ahmed Amen\\Desktop\\web implement 2\\New folder\\MediaGateApiTask\\vendor\\laravel\\framework\\src\\Illuminate\\Foundation\\Http\\Middleware\\TransformsRequest.php(21): Illuminate\\Pipeline\\Pipeline->Illuminate\\Pipeline\\{closure}(Object(Illuminate\\Http\\Request))
#25 C:\\Users\\Dr.Ahmed Amen\\Desktop\\web implement 2\\New folder\\MediaGateApiTask\\vendor\\laravel\\framework\\src\\Illuminate\\Pipeline\\Pipeline.php(167): Illuminate\\Foundation\\Http\\Middleware\\TransformsRequest->handle(Object(Illuminate\\Http\\Request), Object(Closure))
#26 C:\\Users\\Dr.Ahmed Amen\\Desktop\\web implement 2\\New folder\\MediaGateApiTask\\vendor\\laravel\\framework\\src\\Illuminate\\Foundation\\Http\\Middleware\\ValidatePostSize.php(27): Illuminate\\Pipeline\\Pipeline->Illuminate\\Pipeline\\{closure}(Object(Illuminate\\Http\\Request))
#27 C:\\Users\\Dr.Ahmed Amen\\Desktop\\web implement 2\\New folder\\MediaGateApiTask\\vendor\\laravel\\framework\\src\\Illuminate\\Pipeline\\Pipeline.php(167): Illuminate\\Foundation\\Http\\Middleware\\ValidatePostSize->handle(Object(Illuminate\\Http\\Request), Object(Closure))
#28 C:\\Users\\Dr.Ahmed Amen\\Desktop\\web implement 2\\New folder\\MediaGateApiTask\\vendor\\laravel\\framework\\src\\Illuminate\\Foundation\\Http\\Middleware\\CheckForMaintenanceMode.php(63): Illuminate\\Pipeline\\Pipeline->Illuminate\\Pipeline\\{closure}(Object(Illuminate\\Http\\Request))
#29 C:\\Users\\Dr.Ahmed Amen\\Desktop\\web implement 2\\New folder\\MediaGateApiTask\\vendor\\laravel\\framework\\src\\Illuminate\\Pipeline\\Pipeline.php(167): Illuminate\\Foundation\\Http\\Middleware\\CheckForMaintenanceMode->handle(Object(Illuminate\\Http\\Request), Object(Closure))
#30 C:\\Users\\Dr.Ahmed Amen\\Desktop\\web implement 2\\New folder\\MediaGateApiTask\\vendor\\fruitcake\\laravel-cors\\src\\HandleCors.php(57): Illuminate\\Pipeline\\Pipeline->Illuminate\\Pipeline\\{closure}(Object(Illuminate\\Http\\Request))
#31 C:\\Users\\Dr.Ahmed Amen\\Desktop\\web implement 2\\New folder\\MediaGateApiTask\\vendor\\laravel\\framework\\src\\Illuminate\\Pipeline\\Pipeline.php(167): Fruitcake\\Cors\\HandleCors->handle(Object(Illuminate\\Http\\Request), Object(Closure))
#32 C:\\Users\\Dr.Ahmed Amen\\Desktop\\web implement 2\\New folder\\MediaGateApiTask\\vendor\\fideloper\\proxy\\src\\TrustProxies.php(57): Illuminate\\Pipeline\\Pipeline->Illuminate\\Pipeline\\{closure}(Object(Illuminate\\Http\\Request))
#33 C:\\Users\\Dr.Ahmed Amen\\Desktop\\web implement 2\\New folder\\MediaGateApiTask\\vendor\\laravel\\framework\\src\\Illuminate\\Pipeline\\Pipeline.php(167): Fideloper\\Proxy\\TrustProxies->handle(Object(Illuminate\\Http\\Request), Object(Closure))
#34 C:\\Users\\Dr.Ahmed Amen\\Desktop\\web implement 2\\New folder\\MediaGateApiTask\\vendor\\laravel\\framework\\src\\Illuminate\\Pipeline\\Pipeline.php(103): Illuminate\\Pipeline\\Pipeline->Illuminate\\Pipeline\\{closure}(Object(Illuminate\\Http\\Request))
#35 C:\\Users\\Dr.Ahmed Amen\\Desktop\\web implement 2\\New folder\\MediaGateApiTask\\vendor\\laravel\\framework\\src\\Illuminate\\Foundation\\Http\\Kernel.php(140): Illuminate\\Pipeline\\Pipeline->then(Object(Closure))
#36 C:\\Users\\Dr.Ahmed Amen\\Desktop\\web implement 2\\New folder\\MediaGateApiTask\\vendor\\laravel\\framework\\src\\Illuminate\\Foundation\\Http\\Kernel.php(109): Illuminate\\Foundation\\Http\\Kernel->sendRequestThroughRouter(Object(Illuminate\\Http\\Request))
#37 C:\\Users\\Dr.Ahmed Amen\\Desktop\\web implement 2\\New folder\\MediaGateApiTask\\public\\index.php(55): Illuminate\\Foundation\\Http\\Kernel->handle(Object(Illuminate\\Http\\Request))
#38 C:\\Users\\Dr.Ahmed Amen\\Desktop\\web implement 2\\New folder\\MediaGateApiTask\\server.php(21): require_once('C:\\\\Users\\\\Dr.Ahm...')
#39 {main}
"} 
[2020-07-18 19:51:55] local.ERROR: Class 'InfyOm\Generator\Request\APIRequest' not found {"exception":"[object] (Error(code: 0): Class 'InfyOm\\Generator\\Request\\APIRequest' not found at C:\\Users\\Dr.Ahmed Amen\\Desktop\\web implement 2\\New folder\\MediaGateApiTask\\app\\Http\\Requests\\API\\CreateUserAPIRequest.php:8)
[stacktrace]
#0 C:\\Users\\Dr.Ahmed Amen\\Desktop\\web implement 2\\New folder\\MediaGateApiTask\\vendor\\composer\\ClassLoader.php(444): include()
#1 C:\\Users\\Dr.Ahmed Amen\\Desktop\\web implement 2\\New folder\\MediaGateApiTask\\vendor\\composer\\ClassLoader.php(322): Composer\\Autoload\\includeFile('C:\\\\Users\\\\Dr.Ahm...')
#2 [internal function]: Composer\\Autoload\\ClassLoader->loadClass('App\\\\Http\\\\Reques...')
#3 [internal function]: spl_autoload_call('App\\\\Http\\\\Reques...')
#4 C:\\Users\\Dr.Ahmed Amen\\Desktop\\web implement 2\\New folder\\MediaGateApiTask\\vendor\\laravel\\framework\\src\\Illuminate\\Support\\Reflector.php(44): class_exists('App\\\\Http\\\\Reques...')
#5 C:\\Users\\Dr.Ahmed Amen\\Desktop\\web implement 2\\New folder\\MediaGateApiTask\\vendor\\laravel\\framework\\src\\Illuminate\\Routing\\RouteSignatureParameters.php(26): Illuminate\\Support\\Reflector::isParameterSubclassOf(Object(ReflectionParameter), 'Illuminate\\\\Cont...')
#6 [internal function]: Illuminate\\Routing\\RouteSignatureParameters::Illuminate\\Routing\\{closure}(Object(ReflectionParameter))
#7 C:\\Users\\Dr.Ahmed Amen\\Desktop\\web implement 2\\New folder\\MediaGateApiTask\\vendor\\laravel\\framework\\src\\Illuminate\\Routing\\RouteSignatureParameters.php(27): array_filter(Array, Object(Closure))
#8 C:\\Users\\Dr.Ahmed Amen\\Desktop\\web implement 2\\New folder\\MediaGateApiTask\\vendor\\laravel\\framework\\src\\Illuminate\\Routing\\Route.php(491): Illuminate\\Routing\\RouteSignatureParameters::fromAction(Array, 'Illuminate\\\\Cont...')
#9 C:\\Users\\Dr.Ahmed Amen\\Desktop\\web implement 2\\New folder\\MediaGateApiTask\\vendor\\laravel\\framework\\src\\Illuminate\\Routing\\ImplicitRouteBinding.php(25): Illuminate\\Routing\\Route->signatureParameters('Illuminate\\\\Cont...')
#10 C:\\Users\\Dr.Ahmed Amen\\Desktop\\web implement 2\\New folder\\MediaGateApiTask\\vendor\\laravel\\framework\\src\\Illuminate\\Routing\\Router.php(798): Illuminate\\Routing\\ImplicitRouteBinding::resolveForRoute(Object(Illuminate\\Foundation\\Application), Object(Illuminate\\Routing\\Route))
#11 C:\\Users\\Dr.Ahmed Amen\\Desktop\\web implement 2\\New folder\\MediaGateApiTask\\vendor\\laravel\\framework\\src\\Illuminate\\Routing\\Middleware\\SubstituteBindings.php(39): Illuminate\\Routing\\Router->substituteImplicitBindings(Object(Illuminate\\Routing\\Route))
#12 C:\\Users\\Dr.Ahmed Amen\\Desktop\\web implement 2\\New folder\\MediaGateApiTask\\vendor\\laravel\\framework\\src\\Illuminate\\Pipeline\\Pipeline.php(167): Illuminate\\Routing\\Middleware\\SubstituteBindings->handle(Object(Illuminate\\Http\\Request), Object(Closure))
#13 C:\\Users\\Dr.Ahmed Amen\\Desktop\\web implement 2\\New folder\\MediaGateApiTask\\vendor\\laravel\\framework\\src\\Illuminate\\Routing\\Middleware\\ThrottleRequests.php(59): Illuminate\\Pipeline\\Pipeline->Illuminate\\Pipeline\\{closure}(Object(Illuminate\\Http\\Request))
#14 C:\\Users\\Dr.Ahmed Amen\\Desktop\\web implement 2\\New folder\\MediaGateApiTask\\vendor\\laravel\\framework\\src\\Illuminate\\Pipeline\\Pipeline.php(167): Illuminate\\Routing\\Middleware\\ThrottleRequests->handle(Object(Illuminate\\Http\\Request), Object(Closure), 60, '1')
#15 C:\\Users\\Dr.Ahmed Amen\\Desktop\\web implement 2\\New folder\\MediaGateApiTask\\vendor\\laravel\\framework\\src\\Illuminate\\Pipeline\\Pipeline.php(103): Illuminate\\Pipeline\\Pipeline->Illuminate\\Pipeline\\{closure}(Object(Illuminate\\Http\\Request))
#16 C:\\Users\\Dr.Ahmed Amen\\Desktop\\web implement 2\\New folder\\MediaGateApiTask\\vendor\\laravel\\framework\\src\\Illuminate\\Routing\\Router.php(687): Illuminate\\Pipeline\\Pipeline->then(Object(Closure))
#17 C:\\Users\\Dr.Ahmed Amen\\Desktop\\web implement 2\\New folder\\MediaGateApiTask\\vendor\\laravel\\framework\\src\\Illuminate\\Routing\\Router.php(662): Illuminate\\Routing\\Router->runRouteWithinStack(Object(Illuminate\\Routing\\Route), Object(Illuminate\\Http\\Request))
#18 C:\\Users\\Dr.Ahmed Amen\\Desktop\\web implement 2\\New folder\\MediaGateApiTask\\vendor\\laravel\\framework\\src\\Illuminate\\Routing\\Router.php(628): Illuminate\\Routing\\Router->runRoute(Object(Illuminate\\Http\\Request), Object(Illuminate\\Routing\\Route))
#19 C:\\Users\\Dr.Ahmed Amen\\Desktop\\web implement 2\\New folder\\MediaGateApiTask\\vendor\\laravel\\framework\\src\\Illuminate\\Routing\\Router.php(617): Illuminate\\Routing\\Router->dispatchToRoute(Object(Illuminate\\Http\\Request))
#20 C:\\Users\\Dr.Ahmed Amen\\Desktop\\web implement 2\\New folder\\MediaGateApiTask\\vendor\\laravel\\framework\\src\\Illuminate\\Foundation\\Http\\Kernel.php(165): Illuminate\\Routing\\Router->dispatch(Object(Illuminate\\Http\\Request))
#21 C:\\Users\\Dr.Ahmed Amen\\Desktop\\web implement 2\\New folder\\MediaGateApiTask\\vendor\\laravel\\framework\\src\\Illuminate\\Pipeline\\Pipeline.php(128): Illuminate\\Foundation\\Http\\Kernel->Illuminate\\Foundation\\Http\\{closure}(Object(Illuminate\\Http\\Request))
#22 C:\\Users\\Dr.Ahmed Amen\\Desktop\\web implement 2\\New folder\\MediaGateApiTask\\vendor\\laravel\\framework\\src\\Illuminate\\Foundation\\Http\\Middleware\\TransformsRequest.php(21): Illuminate\\Pipeline\\Pipeline->Illuminate\\Pipeline\\{closure}(Object(Illuminate\\Http\\Request))
#23 C:\\Users\\Dr.Ahmed Amen\\Desktop\\web implement 2\\New folder\\MediaGateApiTask\\vendor\\laravel\\framework\\src\\Illuminate\\Pipeline\\Pipeline.php(167): Illuminate\\Foundation\\Http\\Middleware\\TransformsRequest->handle(Object(Illuminate\\Http\\Request), Object(Closure))
#24 C:\\Users\\Dr.Ahmed Amen\\Desktop\\web implement 2\\New folder\\MediaGateApiTask\\vendor\\laravel\\framework\\src\\Illuminate\\Foundation\\Http\\Middleware\\TransformsRequest.php(21): Illuminate\\Pipeline\\Pipeline->Illuminate\\Pipeline\\{closure}(Object(Illuminate\\Http\\Request))
#25 C:\\Users\\Dr.Ahmed Amen\\Desktop\\web implement 2\\New folder\\MediaGateApiTask\\vendor\\laravel\\framework\\src\\Illuminate\\Pipeline\\Pipeline.php(167): Illuminate\\Foundation\\Http\\Middleware\\TransformsRequest->handle(Object(Illuminate\\Http\\Request), Object(Closure))
#26 C:\\Users\\Dr.Ahmed Amen\\Desktop\\web implement 2\\New folder\\MediaGateApiTask\\vendor\\laravel\\framework\\src\\Illuminate\\Foundation\\Http\\Middleware\\ValidatePostSize.php(27): Illuminate\\Pipeline\\Pipeline->Illuminate\\Pipeline\\{closure}(Object(Illuminate\\Http\\Request))
#27 C:\\Users\\Dr.Ahmed Amen\\Desktop\\web implement 2\\New folder\\MediaGateApiTask\\vendor\\laravel\\framework\\src\\Illuminate\\Pipeline\\Pipeline.php(167): Illuminate\\Foundation\\Http\\Middleware\\ValidatePostSize->handle(Object(Illuminate\\Http\\Request), Object(Closure))
#28 C:\\Users\\Dr.Ahmed Amen\\Desktop\\web implement 2\\New folder\\MediaGateApiTask\\vendor\\laravel\\framework\\src\\Illuminate\\Foundation\\Http\\Middleware\\CheckForMaintenanceMode.php(63): Illuminate\\Pipeline\\Pipeline->Illuminate\\Pipeline\\{closure}(Object(Illuminate\\Http\\Request))
#29 C:\\Users\\Dr.Ahmed Amen\\Desktop\\web implement 2\\New folder\\MediaGateApiTask\\vendor\\laravel\\framework\\src\\Illuminate\\Pipeline\\Pipeline.php(167): Illuminate\\Foundation\\Http\\Middleware\\CheckForMaintenanceMode->handle(Object(Illuminate\\Http\\Request), Object(Closure))
#30 C:\\Users\\Dr.Ahmed Amen\\Desktop\\web implement 2\\New folder\\MediaGateApiTask\\vendor\\fruitcake\\laravel-cors\\src\\HandleCors.php(57): Illuminate\\Pipeline\\Pipeline->Illuminate\\Pipeline\\{closure}(Object(Illuminate\\Http\\Request))
#31 C:\\Users\\Dr.Ahmed Amen\\Desktop\\web implement 2\\New folder\\MediaGateApiTask\\vendor\\laravel\\framework\\src\\Illuminate\\Pipeline\\Pipeline.php(167): Fruitcake\\Cors\\HandleCors->handle(Object(Illuminate\\Http\\Request), Object(Closure))
#32 C:\\Users\\Dr.Ahmed Amen\\Desktop\\web implement 2\\New folder\\MediaGateApiTask\\vendor\\fideloper\\proxy\\src\\TrustProxies.php(57): Illuminate\\Pipeline\\Pipeline->Illuminate\\Pipeline\\{closure}(Object(Illuminate\\Http\\Request))
#33 C:\\Users\\Dr.Ahmed Amen\\Desktop\\web implement 2\\New folder\\MediaGateApiTask\\vendor\\laravel\\framework\\src\\Illuminate\\Pipeline\\Pipeline.php(167): Fideloper\\Proxy\\TrustProxies->handle(Object(Illuminate\\Http\\Request), Object(Closure))
#34 C:\\Users\\Dr.Ahmed Amen\\Desktop\\web implement 2\\New folder\\MediaGateApiTask\\vendor\\laravel\\framework\\src\\Illuminate\\Pipeline\\Pipeline.php(103): Illuminate\\Pipeline\\Pipeline->Illuminate\\Pipeline\\{closure}(Object(Illuminate\\Http\\Request))
#35 C:\\Users\\Dr.Ahmed Amen\\Desktop\\web implement 2\\New folder\\MediaGateApiTask\\vendor\\laravel\\framework\\src\\Illuminate\\Foundation\\Http\\Kernel.php(140): Illuminate\\Pipeline\\Pipeline->then(Object(Closure))
#36 C:\\Users\\Dr.Ahmed Amen\\Desktop\\web implement 2\\New folder\\MediaGateApiTask\\vendor\\laravel\\framework\\src\\Illuminate\\Foundation\\Http\\Kernel.php(109): Illuminate\\Foundation\\Http\\Kernel->sendRequestThroughRouter(Object(Illuminate\\Http\\Request))
#37 C:\\Users\\Dr.Ahmed Amen\\Desktop\\web implement 2\\New folder\\MediaGateApiTask\\public\\index.php(55): Illuminate\\Foundation\\Http\\Kernel->handle(Object(Illuminate\\Http\\Request))
#38 C:\\Users\\Dr.Ahmed Amen\\Desktop\\web implement 2\\New folder\\MediaGateApiTask\\server.php(21): require_once('C:\\\\Users\\\\Dr.Ahm...')
#39 {main}
"} 
